
===================================================
Gathering Linux-x86_64 binaries
===================================================

App Name: alf
The lattes version found was:  v1.1.10
ZIP file /web/packages.seqan.de/htdocs//alf/alf-1.1.10-Linux-x86_64.zip does not exist. Trying with different tarballs
extracting /web/packages.seqan.de/htdocs//alf/alf-1.1.10-Linux-x86_64.tar.xz to /buffer/ag_abi/knime_packaging/seqan//binaries/Linux-x86_64/.

App Name: fx_tools
The lattes version found was:  v0.2.10
ZIP file /web/packages.seqan.de/htdocs//fx_tools/fx_tools-0.2.10-Linux-x86_64.zip does not exist. Trying with different tarballs
extracting /web/packages.seqan.de/htdocs//fx_tools/fx_tools-0.2.10-Linux-x86_64.tar.xz to /buffer/ag_abi/knime_packaging/seqan//binaries/Linux-x86_64/.

App Name: insegt
The lattes version found was:  v1.1.10
ZIP file /web/packages.seqan.de/htdocs//insegt/insegt-1.1.10-Linux-x86_64.zip does not exist. Trying with different tarballs
extracting /web/packages.seqan.de/htdocs//insegt/insegt-1.1.10-Linux-x86_64.tar.xz to /buffer/ag_abi/knime_packaging/seqan//binaries/Linux-x86_64/.

App Name: razers2
The lattes version found was:  v2.5.1
extracting /web/packages.seqan.de/htdocs//razers2/razers2-2.5.1-Linux-x86_64.zip to /buffer/ag_abi/knime_packaging/seqan//binaries/Linux-x86_64/.
Archive:  /web/packages.seqan.de/htdocs//razers2/razers2-2.5.1-Linux-x86_64.zip
  inflating: /buffer/ag_abi/knime_packaging/seqan//binaries/Linux-x86_64/razers2-2.5.1-Linux-x86_64/bin/razers2  
  inflating: /buffer/ag_abi/knime_packaging/seqan//binaries/Linux-x86_64/razers2-2.5.1-Linux-x86_64/LICENSE  
  inflating: /buffer/ag_abi/knime_packaging/seqan//binaries/Linux-x86_64/razers2-2.5.1-Linux-x86_64/README  
  inflating: /buffer/ag_abi/knime_packaging/seqan//binaries/Linux-x86_64/razers2-2.5.1-Linux-x86_64/example/genome.fa  
  inflating: /buffer/ag_abi/knime_packaging/seqan//binaries/Linux-x86_64/razers2-2.5.1-Linux-x86_64/example/reads.fa  
  inflating: /buffer/ag_abi/knime_packaging/seqan//binaries/Linux-x86_64/razers2-2.5.1-Linux-x86_64/example/reads2.fa  

App Name: searchjoin
The lattes version found was:  v0.5.8
ZIP file /web/packages.seqan.de/htdocs//searchjoin/searchjoin-0.5.8-Linux-x86_64.zip does not exist. Trying with different tarballs
extracting /web/packages.seqan.de/htdocs//searchjoin/searchjoin-0.5.8-Linux-x86_64.tar.xz to /buffer/ag_abi/knime_packaging/seqan//binaries/Linux-x86_64/.

App Name: seqcons
The lattes version found was:  v0.23.4
extracting /web/packages.seqan.de/htdocs//seqcons/seqcons-0.23.4-Linux-x86_64.zip to /buffer/ag_abi/knime_packaging/seqan//binaries/Linux-x86_64/.
Archive:  /web/packages.seqan.de/htdocs//seqcons/seqcons-0.23.4-Linux-x86_64.zip
  inflating: /buffer/ag_abi/knime_packaging/seqan//binaries/Linux-x86_64/seqcons-0.23.4-Linux-x86_64/bin/seqcons  
  inflating: /buffer/ag_abi/knime_packaging/seqan//binaries/Linux-x86_64/seqcons-0.23.4-Linux-x86_64/LICENSE  
  inflating: /buffer/ag_abi/knime_packaging/seqan//binaries/Linux-x86_64/seqcons-0.23.4-Linux-x86_64/README  

App Name: stellar
The lattes version found was:  v1.4.11
ZIP file /web/packages.seqan.de/htdocs//stellar/stellar-1.4.11-Linux-x86_64.zip does not exist. Trying with different tarballs
extracting /web/packages.seqan.de/htdocs//stellar/stellar-1.4.11-Linux-x86_64.tar.xz to /buffer/ag_abi/knime_packaging/seqan//binaries/Linux-x86_64/.

App Name: gustaf
The lattes version found was:  v1.0.10
ZIP file /web/packages.seqan.de/htdocs//gustaf/gustaf-1.0.10-Linux-x86_64.zip does not exist. Trying with different tarballs
extracting /web/packages.seqan.de/htdocs//gustaf/gustaf-1.0.10-Linux-x86_64.tar.xz to /buffer/ag_abi/knime_packaging/seqan//binaries/Linux-x86_64/.

App Name: lambda
The lattes version found was:  v1.9.3
ZIP file /web/packages.seqan.de/htdocs//lambda/lambda-1.9.3-Linux-x86_64.zip does not exist. Trying with different tarballs
extracting /web/packages.seqan.de/htdocs//lambda/lambda-1.9.3-Linux-x86_64.tar.xz to /buffer/ag_abi/knime_packaging/seqan//binaries/Linux-x86_64/.

App Name: ngs_roi
The lattes version found was:  v0.2.12
ZIP file /web/packages.seqan.de/htdocs//ngs_roi/ngs_roi-0.2.12-Linux-x86_64.zip does not exist. Trying with different tarballs
extracting /web/packages.seqan.de/htdocs//ngs_roi/ngs_roi-0.2.12-Linux-x86_64.tar.xz to /buffer/ag_abi/knime_packaging/seqan//binaries/Linux-x86_64/.

App Name: razers3
The lattes version found was:  v3.5.8
ZIP file /web/packages.seqan.de/htdocs//razers3/razers3-3.5.8-Linux-x86_64.zip does not exist. Trying with different tarballs
extracting /web/packages.seqan.de/htdocs//razers3/razers3-3.5.8-Linux-x86_64.tar.xz to /buffer/ag_abi/knime_packaging/seqan//binaries/Linux-x86_64/.

App Name: tree_recon
The lattes version found was:  v1.4.8
ZIP file /web/packages.seqan.de/htdocs//tree_recon/tree_recon-1.4.8-Linux-x86_64.zip does not exist. Trying with different tarballs
extracting /web/packages.seqan.de/htdocs//tree_recon/tree_recon-1.4.8-Linux-x86_64.tar.xz to /buffer/ag_abi/knime_packaging/seqan//binaries/Linux-x86_64/.

App Name: bs_tools
The lattes version found was:  v0.1.10
ZIP file /web/packages.seqan.de/htdocs//bs_tools/bs_tools-0.1.10-Linux-x86_64.zip does not exist. Trying with different tarballs
extracting /web/packages.seqan.de/htdocs//bs_tools/bs_tools-0.1.10-Linux-x86_64.tar.xz to /buffer/ag_abi/knime_packaging/seqan//binaries/Linux-x86_64/.

App Name: masai
The lattes version found was:  v0.7.2
extracting /web/packages.seqan.de/htdocs//masai/masai-0.7.2-Linux-x86_64.zip to /buffer/ag_abi/knime_packaging/seqan//binaries/Linux-x86_64/.
Archive:  /web/packages.seqan.de/htdocs//masai/masai-0.7.2-Linux-x86_64.zip
  inflating: /buffer/ag_abi/knime_packaging/seqan//binaries/Linux-x86_64/masai-0.7.2-Linux-x86_64/bin/masai_output_pe  
  inflating: /buffer/ag_abi/knime_packaging/seqan//binaries/Linux-x86_64/masai-0.7.2-Linux-x86_64/bin/masai_indexer  
  inflating: /buffer/ag_abi/knime_packaging/seqan//binaries/Linux-x86_64/masai-0.7.2-Linux-x86_64/bin/masai_output_se  
  inflating: /buffer/ag_abi/knime_packaging/seqan//binaries/Linux-x86_64/masai-0.7.2-Linux-x86_64/bin/masai_mapper  
  inflating: /buffer/ag_abi/knime_packaging/seqan//binaries/Linux-x86_64/masai-0.7.2-Linux-x86_64/LICENSE  
  inflating: /buffer/ag_abi/knime_packaging/seqan//binaries/Linux-x86_64/masai-0.7.2-Linux-x86_64/README  

App Name: pair_align
The lattes version found was:  v1.3.8
ZIP file /web/packages.seqan.de/htdocs//pair_align/pair_align-1.3.8-Linux-x86_64.zip does not exist. Trying with different tarballs
extracting /web/packages.seqan.de/htdocs//pair_align/pair_align-1.3.8-Linux-x86_64.tar.xz to /buffer/ag_abi/knime_packaging/seqan//binaries/Linux-x86_64/.

App Name: seqan_flexbar
The lattes version found was:  v1.0.4
extracting /web/packages.seqan.de/htdocs//seqan_flexbar/seqan_flexbar-1.0.4-Linux-x86_64.zip to /buffer/ag_abi/knime_packaging/seqan//binaries/Linux-x86_64/.
Archive:  /web/packages.seqan.de/htdocs//seqan_flexbar/seqan_flexbar-1.0.4-Linux-x86_64.zip
  inflating: /buffer/ag_abi/knime_packaging/seqan//binaries/Linux-x86_64/seqan_flexbar-1.0.4-Linux-x86_64/bin/seqan_flexbar  
  inflating: /buffer/ag_abi/knime_packaging/seqan//binaries/Linux-x86_64/seqan_flexbar-1.0.4-Linux-x86_64/LICENSE  
  inflating: /buffer/ag_abi/knime_packaging/seqan//binaries/Linux-x86_64/seqan_flexbar-1.0.4-Linux-x86_64/README  

App Name: sgip
The lattes version found was:  v1.4.8
ZIP file /web/packages.seqan.de/htdocs//sgip/sgip-1.4.8-Linux-x86_64.zip does not exist. Trying with different tarballs
extracting /web/packages.seqan.de/htdocs//sgip/sgip-1.4.8-Linux-x86_64.tar.xz to /buffer/ag_abi/knime_packaging/seqan//binaries/Linux-x86_64/.

App Name: sak
The lattes version found was:  v0.4.8
ZIP file /web/packages.seqan.de/htdocs//sak/sak-0.4.8-Linux-x86_64.zip does not exist. Trying with different tarballs
extracting /web/packages.seqan.de/htdocs//sak/sak-0.4.8-Linux-x86_64.tar.xz to /buffer/ag_abi/knime_packaging/seqan//binaries/Linux-x86_64/.

App Name: slimm
The lattes version found was:  v0.2.2
ZIP file /web/packages.seqan.de/htdocs//slimm/slimm-0.2.2-Linux-x86_64.zip does not exist. Trying with different tarballs
extracting /web/packages.seqan.de/htdocs//slimm/slimm-0.2.2-Linux-x86_64.tar.bz2 to /buffer/ag_abi/knime_packaging/seqan//binaries/Linux-x86_64/.

App Name: yara
The lattes version found was:  v0.9.11
ZIP file /web/packages.seqan.de/htdocs//yara/yara-0.9.11-Linux-x86_64.zip does not exist. Trying with different tarballs
extracting /web/packages.seqan.de/htdocs//yara/yara-0.9.11-Linux-x86_64.tar.xz to /buffer/ag_abi/knime_packaging/seqan//binaries/Linux-x86_64/.

App Name: dfi
The lattes version found was:  v2.1.10
ZIP file /web/packages.seqan.de/htdocs//dfi/dfi-2.1.10-Linux-x86_64.zip does not exist. Trying with different tarballs
extracting /web/packages.seqan.de/htdocs//dfi/dfi-2.1.10-Linux-x86_64.tar.xz to /buffer/ag_abi/knime_packaging/seqan//binaries/Linux-x86_64/.

App Name: mason2
The lattes version found was:  v2.0.9
ZIP file /web/packages.seqan.de/htdocs//mason2/mason2-2.0.9-Linux-x86_64.zip does not exist. Trying with different tarballs
extracting /web/packages.seqan.de/htdocs//mason2/mason2-2.0.9-Linux-x86_64.tar.xz to /buffer/ag_abi/knime_packaging/seqan//binaries/Linux-x86_64/.
