The system is: Linux - 3.16.0-4-amd64 - x86_64
Compiling the C compiler identification source file "CMakeCCompilerId.c" succeeded.
Compiler: /group/ag_abi/software/bin/gcc-7 
Build flags: 
Id flags: 

The output was:
0


Compilation of the C compiler identification source "CMakeCCompilerId.c" produced "a.out"

The C compiler identification is GNU, found in "/group/ag_abi/SeqAn/knime_packaging/CMakeFiles/3.0.2/CompilerIdC/a.out"

Compiling the CXX compiler identification source file "CMakeCXXCompilerId.cpp" succeeded.
Compiler: /group/ag_abi/software/bin/g++-7 
Build flags: 
Id flags: 

The output was:
0


Compilation of the CXX compiler identification source "CMakeCXXCompilerId.cpp" produced "a.out"

The CXX compiler identification is GNU, found in "/group/ag_abi/SeqAn/knime_packaging/CMakeFiles/3.0.2/CompilerIdCXX/a.out"

Determining if the C compiler works passed with the following output:
Change Dir: /group/ag_abi/SeqAn/knime_packaging/CMakeFiles/CMakeTmp

Run Build Command:"/usr/bin/make" "cmTryCompileExec231721243/fast"
/usr/bin/make -f CMakeFiles/cmTryCompileExec231721243.dir/build.make CMakeFiles/cmTryCompileExec231721243.dir/build
make[1]: Entering directory '/group/ag_abi/SeqAn/knime_packaging/CMakeFiles/CMakeTmp'
/usr/bin/cmake -E cmake_progress_report /group/ag_abi/SeqAn/knime_packaging/CMakeFiles/CMakeTmp/CMakeFiles 1
Building C object CMakeFiles/cmTryCompileExec231721243.dir/testCCompiler.c.o
/group/ag_abi/software/bin/gcc-7    -o CMakeFiles/cmTryCompileExec231721243.dir/testCCompiler.c.o   -c /group/ag_abi/SeqAn/knime_packaging/CMakeFiles/CMakeTmp/testCCompiler.c
Linking C executable cmTryCompileExec231721243
/usr/bin/cmake -E cmake_link_script CMakeFiles/cmTryCompileExec231721243.dir/link.txt --verbose=1
/group/ag_abi/software/bin/gcc-7       CMakeFiles/cmTryCompileExec231721243.dir/testCCompiler.c.o  -o cmTryCompileExec231721243 -rdynamic 
make[1]: Leaving directory '/group/ag_abi/SeqAn/knime_packaging/CMakeFiles/CMakeTmp'


Detecting C compiler ABI info compiled with the following output:
Change Dir: /group/ag_abi/SeqAn/knime_packaging/CMakeFiles/CMakeTmp

Run Build Command:"/usr/bin/make" "cmTryCompileExec2018098755/fast"
/usr/bin/make -f CMakeFiles/cmTryCompileExec2018098755.dir/build.make CMakeFiles/cmTryCompileExec2018098755.dir/build
make[1]: Entering directory '/group/ag_abi/SeqAn/knime_packaging/CMakeFiles/CMakeTmp'
/usr/bin/cmake -E cmake_progress_report /group/ag_abi/SeqAn/knime_packaging/CMakeFiles/CMakeTmp/CMakeFiles 1
Building C object CMakeFiles/cmTryCompileExec2018098755.dir/CMakeCCompilerABI.c.o
/group/ag_abi/software/bin/gcc-7    -o CMakeFiles/cmTryCompileExec2018098755.dir/CMakeCCompilerABI.c.o   -c /usr/share/cmake-3.0/Modules/CMakeCCompilerABI.c
Linking C executable cmTryCompileExec2018098755
/usr/bin/cmake -E cmake_link_script CMakeFiles/cmTryCompileExec2018098755.dir/link.txt --verbose=1
/group/ag_abi/software/bin/gcc-7     -v CMakeFiles/cmTryCompileExec2018098755.dir/CMakeCCompilerABI.c.o  -o cmTryCompileExec2018098755 -rdynamic  
Using built-in specs.
COLLECT_GCC=/import/GCC//7.1.0/bin/gcc
COLLECT_LTO_WRAPPER=/import/GCC/7.1.0/libexec/gcc/x86_64-pc-linux-gnu/7.1.0/lto-wrapper
Target: x86_64-pc-linux-gnu
Configured with: ./configure --prefix=/import/GCC/7.1.0/
Thread model: posix
gcc version 7.1.0 (GCC) 
COMPILER_PATH=/import/GCC/7.1.0/libexec/gcc/x86_64-pc-linux-gnu/7.1.0/:/import/GCC/7.1.0/libexec/gcc/x86_64-pc-linux-gnu/7.1.0/:/import/GCC/7.1.0/libexec/gcc/x86_64-pc-linux-gnu/:/import/GCC/7.1.0/lib/gcc/x86_64-pc-linux-gnu/7.1.0/:/import/GCC/7.1.0/lib/gcc/x86_64-pc-linux-gnu/
LIBRARY_PATH=/import/GCC/7.1.0/lib/gcc/x86_64-pc-linux-gnu/7.1.0/:/import/GCC/7.1.0/lib/gcc/x86_64-pc-linux-gnu/7.1.0/../../../../lib64/:/lib/x86_64-linux-gnu/:/lib/../lib64/:/usr/lib/x86_64-linux-gnu/:/import/GCC/7.1.0/lib/gcc/x86_64-pc-linux-gnu/7.1.0/../../../:/lib/:/usr/lib/
COLLECT_GCC_OPTIONS='-v' '-o' 'cmTryCompileExec2018098755' '-rdynamic' '-mtune=generic' '-march=x86-64'
 /import/GCC/7.1.0/libexec/gcc/x86_64-pc-linux-gnu/7.1.0/collect2 -plugin /import/GCC/7.1.0/libexec/gcc/x86_64-pc-linux-gnu/7.1.0/liblto_plugin.so -plugin-opt=/import/GCC/7.1.0/libexec/gcc/x86_64-pc-linux-gnu/7.1.0/lto-wrapper -plugin-opt=-fresolution=/srv/public/dadi/cc4AE2Wf.res -plugin-opt=-pass-through=-lgcc -plugin-opt=-pass-through=-lgcc_s -plugin-opt=-pass-through=-lc -plugin-opt=-pass-through=-lgcc -plugin-opt=-pass-through=-lgcc_s --eh-frame-hdr -m elf_x86_64 -export-dynamic -dynamic-linker /lib64/ld-linux-x86-64.so.2 -o cmTryCompileExec2018098755 /usr/lib/x86_64-linux-gnu/crt1.o /usr/lib/x86_64-linux-gnu/crti.o /import/GCC/7.1.0/lib/gcc/x86_64-pc-linux-gnu/7.1.0/crtbegin.o -L/import/GCC/7.1.0/lib/gcc/x86_64-pc-linux-gnu/7.1.0 -L/import/GCC/7.1.0/lib/gcc/x86_64-pc-linux-gnu/7.1.0/../../../../lib64 -L/lib/x86_64-linux-gnu -L/lib/../lib64 -L/usr/lib/x86_64-linux-gnu -L/import/GCC/7.1.0/lib/gcc/x86_64-pc-linux-gnu/7.1.0/../../.. -rpath /import/GCC//7.1.0/lib64 CMakeFiles/cmTryCompileExec2018098755.dir/CMakeCCompilerABI.c.o -lgcc --as-needed -lgcc_s --no-as-needed -lc -lgcc --as-needed -lgcc_s --no-as-needed /import/GCC/7.1.0/lib/gcc/x86_64-pc-linux-gnu/7.1.0/crtend.o /usr/lib/x86_64-linux-gnu/crtn.o
COLLECT_GCC_OPTIONS='-v' '-o' 'cmTryCompileExec2018098755' '-rdynamic' '-mtune=generic' '-march=x86-64'
make[1]: Leaving directory '/group/ag_abi/SeqAn/knime_packaging/CMakeFiles/CMakeTmp'


Parsed C implicit link information from above output:
  link line regex: [^( *|.*[/\])(ld|([^/\]+-)?ld|collect2)[^/\]*( |$)]
  ignore line: [Change Dir: /group/ag_abi/SeqAn/knime_packaging/CMakeFiles/CMakeTmp]
  ignore line: []
  ignore line: [Run Build Command:"/usr/bin/make" "cmTryCompileExec2018098755/fast"]
  ignore line: [/usr/bin/make -f CMakeFiles/cmTryCompileExec2018098755.dir/build.make CMakeFiles/cmTryCompileExec2018098755.dir/build]
  ignore line: [make[1]: Entering directory '/group/ag_abi/SeqAn/knime_packaging/CMakeFiles/CMakeTmp']
  ignore line: [/usr/bin/cmake -E cmake_progress_report /group/ag_abi/SeqAn/knime_packaging/CMakeFiles/CMakeTmp/CMakeFiles 1]
  ignore line: [Building C object CMakeFiles/cmTryCompileExec2018098755.dir/CMakeCCompilerABI.c.o]
  ignore line: [/group/ag_abi/software/bin/gcc-7    -o CMakeFiles/cmTryCompileExec2018098755.dir/CMakeCCompilerABI.c.o   -c /usr/share/cmake-3.0/Modules/CMakeCCompilerABI.c]
  ignore line: [Linking C executable cmTryCompileExec2018098755]
  ignore line: [/usr/bin/cmake -E cmake_link_script CMakeFiles/cmTryCompileExec2018098755.dir/link.txt --verbose=1]
  ignore line: [/group/ag_abi/software/bin/gcc-7     -v CMakeFiles/cmTryCompileExec2018098755.dir/CMakeCCompilerABI.c.o  -o cmTryCompileExec2018098755 -rdynamic  ]
  ignore line: [Using built-in specs.]
  ignore line: [COLLECT_GCC=/import/GCC//7.1.0/bin/gcc]
  ignore line: [COLLECT_LTO_WRAPPER=/import/GCC/7.1.0/libexec/gcc/x86_64-pc-linux-gnu/7.1.0/lto-wrapper]
  ignore line: [Target: x86_64-pc-linux-gnu]
  ignore line: [Configured with: ./configure --prefix=/import/GCC/7.1.0/]
  ignore line: [Thread model: posix]
  ignore line: [gcc version 7.1.0 (GCC) ]
  ignore line: [COMPILER_PATH=/import/GCC/7.1.0/libexec/gcc/x86_64-pc-linux-gnu/7.1.0/:/import/GCC/7.1.0/libexec/gcc/x86_64-pc-linux-gnu/7.1.0/:/import/GCC/7.1.0/libexec/gcc/x86_64-pc-linux-gnu/:/import/GCC/7.1.0/lib/gcc/x86_64-pc-linux-gnu/7.1.0/:/import/GCC/7.1.0/lib/gcc/x86_64-pc-linux-gnu/]
  ignore line: [LIBRARY_PATH=/import/GCC/7.1.0/lib/gcc/x86_64-pc-linux-gnu/7.1.0/:/import/GCC/7.1.0/lib/gcc/x86_64-pc-linux-gnu/7.1.0/../../../../lib64/:/lib/x86_64-linux-gnu/:/lib/../lib64/:/usr/lib/x86_64-linux-gnu/:/import/GCC/7.1.0/lib/gcc/x86_64-pc-linux-gnu/7.1.0/../../../:/lib/:/usr/lib/]
  ignore line: [COLLECT_GCC_OPTIONS='-v' '-o' 'cmTryCompileExec2018098755' '-rdynamic' '-mtune=generic' '-march=x86-64']
  link line: [ /import/GCC/7.1.0/libexec/gcc/x86_64-pc-linux-gnu/7.1.0/collect2 -plugin /import/GCC/7.1.0/libexec/gcc/x86_64-pc-linux-gnu/7.1.0/liblto_plugin.so -plugin-opt=/import/GCC/7.1.0/libexec/gcc/x86_64-pc-linux-gnu/7.1.0/lto-wrapper -plugin-opt=-fresolution=/srv/public/dadi/cc4AE2Wf.res -plugin-opt=-pass-through=-lgcc -plugin-opt=-pass-through=-lgcc_s -plugin-opt=-pass-through=-lc -plugin-opt=-pass-through=-lgcc -plugin-opt=-pass-through=-lgcc_s --eh-frame-hdr -m elf_x86_64 -export-dynamic -dynamic-linker /lib64/ld-linux-x86-64.so.2 -o cmTryCompileExec2018098755 /usr/lib/x86_64-linux-gnu/crt1.o /usr/lib/x86_64-linux-gnu/crti.o /import/GCC/7.1.0/lib/gcc/x86_64-pc-linux-gnu/7.1.0/crtbegin.o -L/import/GCC/7.1.0/lib/gcc/x86_64-pc-linux-gnu/7.1.0 -L/import/GCC/7.1.0/lib/gcc/x86_64-pc-linux-gnu/7.1.0/../../../../lib64 -L/lib/x86_64-linux-gnu -L/lib/../lib64 -L/usr/lib/x86_64-linux-gnu -L/import/GCC/7.1.0/lib/gcc/x86_64-pc-linux-gnu/7.1.0/../../.. -rpath /import/GCC//7.1.0/lib64 CMakeFiles/cmTryCompileExec2018098755.dir/CMakeCCompilerABI.c.o -lgcc --as-needed -lgcc_s --no-as-needed -lc -lgcc --as-needed -lgcc_s --no-as-needed /import/GCC/7.1.0/lib/gcc/x86_64-pc-linux-gnu/7.1.0/crtend.o /usr/lib/x86_64-linux-gnu/crtn.o]
    arg [/import/GCC/7.1.0/libexec/gcc/x86_64-pc-linux-gnu/7.1.0/collect2] ==> ignore
    arg [-plugin] ==> ignore
    arg [/import/GCC/7.1.0/libexec/gcc/x86_64-pc-linux-gnu/7.1.0/liblto_plugin.so] ==> ignore
    arg [-plugin-opt=/import/GCC/7.1.0/libexec/gcc/x86_64-pc-linux-gnu/7.1.0/lto-wrapper] ==> ignore
    arg [-plugin-opt=-fresolution=/srv/public/dadi/cc4AE2Wf.res] ==> ignore
    arg [-plugin-opt=-pass-through=-lgcc] ==> ignore
    arg [-plugin-opt=-pass-through=-lgcc_s] ==> ignore
    arg [-plugin-opt=-pass-through=-lc] ==> ignore
    arg [-plugin-opt=-pass-through=-lgcc] ==> ignore
    arg [-plugin-opt=-pass-through=-lgcc_s] ==> ignore
    arg [--eh-frame-hdr] ==> ignore
    arg [-m] ==> ignore
    arg [elf_x86_64] ==> ignore
    arg [-export-dynamic] ==> ignore
    arg [-dynamic-linker] ==> ignore
    arg [/lib64/ld-linux-x86-64.so.2] ==> ignore
    arg [-o] ==> ignore
    arg [cmTryCompileExec2018098755] ==> ignore
    arg [/usr/lib/x86_64-linux-gnu/crt1.o] ==> ignore
    arg [/usr/lib/x86_64-linux-gnu/crti.o] ==> ignore
    arg [/import/GCC/7.1.0/lib/gcc/x86_64-pc-linux-gnu/7.1.0/crtbegin.o] ==> ignore
    arg [-L/import/GCC/7.1.0/lib/gcc/x86_64-pc-linux-gnu/7.1.0] ==> dir [/import/GCC/7.1.0/lib/gcc/x86_64-pc-linux-gnu/7.1.0]
    arg [-L/import/GCC/7.1.0/lib/gcc/x86_64-pc-linux-gnu/7.1.0/../../../../lib64] ==> dir [/import/GCC/7.1.0/lib/gcc/x86_64-pc-linux-gnu/7.1.0/../../../../lib64]
    arg [-L/lib/x86_64-linux-gnu] ==> dir [/lib/x86_64-linux-gnu]
    arg [-L/lib/../lib64] ==> dir [/lib/../lib64]
    arg [-L/usr/lib/x86_64-linux-gnu] ==> dir [/usr/lib/x86_64-linux-gnu]
    arg [-L/import/GCC/7.1.0/lib/gcc/x86_64-pc-linux-gnu/7.1.0/../../..] ==> dir [/import/GCC/7.1.0/lib/gcc/x86_64-pc-linux-gnu/7.1.0/../../..]
    arg [-rpath] ==> ignore
    arg [/import/GCC//7.1.0/lib64] ==> ignore
    arg [CMakeFiles/cmTryCompileExec2018098755.dir/CMakeCCompilerABI.c.o] ==> ignore
    arg [-lgcc] ==> lib [gcc]
    arg [--as-needed] ==> ignore
    arg [-lgcc_s] ==> lib [gcc_s]
    arg [--no-as-needed] ==> ignore
    arg [-lc] ==> lib [c]
    arg [-lgcc] ==> lib [gcc]
    arg [--as-needed] ==> ignore
    arg [-lgcc_s] ==> lib [gcc_s]
    arg [--no-as-needed] ==> ignore
    arg [/import/GCC/7.1.0/lib/gcc/x86_64-pc-linux-gnu/7.1.0/crtend.o] ==> ignore
    arg [/usr/lib/x86_64-linux-gnu/crtn.o] ==> ignore
  remove lib [gcc]
  remove lib [gcc_s]
  remove lib [gcc]
  remove lib [gcc_s]
  collapse library dir [/import/GCC/7.1.0/lib/gcc/x86_64-pc-linux-gnu/7.1.0] ==> [/import/GCC/7.1.0/lib/gcc/x86_64-pc-linux-gnu/7.1.0]
  collapse library dir [/import/GCC/7.1.0/lib/gcc/x86_64-pc-linux-gnu/7.1.0/../../../../lib64] ==> [/import/GCC/7.1.0/lib64]
  collapse library dir [/lib/x86_64-linux-gnu] ==> [/lib/x86_64-linux-gnu]
  collapse library dir [/lib/../lib64] ==> [/lib64]
  collapse library dir [/usr/lib/x86_64-linux-gnu] ==> [/usr/lib/x86_64-linux-gnu]
  collapse library dir [/import/GCC/7.1.0/lib/gcc/x86_64-pc-linux-gnu/7.1.0/../../..] ==> [/import/GCC/7.1.0/lib]
  implicit libs: [c]
  implicit dirs: [/import/GCC/7.1.0/lib/gcc/x86_64-pc-linux-gnu/7.1.0;/import/GCC/7.1.0/lib64;/lib/x86_64-linux-gnu;/lib64;/usr/lib/x86_64-linux-gnu;/import/GCC/7.1.0/lib]
  implicit fwks: []


Determining if the CXX compiler works passed with the following output:
Change Dir: /group/ag_abi/SeqAn/knime_packaging/CMakeFiles/CMakeTmp

Run Build Command:"/usr/bin/make" "cmTryCompileExec147437946/fast"
/usr/bin/make -f CMakeFiles/cmTryCompileExec147437946.dir/build.make CMakeFiles/cmTryCompileExec147437946.dir/build
make[1]: Entering directory '/group/ag_abi/SeqAn/knime_packaging/CMakeFiles/CMakeTmp'
/usr/bin/cmake -E cmake_progress_report /group/ag_abi/SeqAn/knime_packaging/CMakeFiles/CMakeTmp/CMakeFiles 1
Building CXX object CMakeFiles/cmTryCompileExec147437946.dir/testCXXCompiler.cxx.o
/group/ag_abi/software/bin/g++-7     -o CMakeFiles/cmTryCompileExec147437946.dir/testCXXCompiler.cxx.o -c /group/ag_abi/SeqAn/knime_packaging/CMakeFiles/CMakeTmp/testCXXCompiler.cxx
Linking CXX executable cmTryCompileExec147437946
/usr/bin/cmake -E cmake_link_script CMakeFiles/cmTryCompileExec147437946.dir/link.txt --verbose=1
/group/ag_abi/software/bin/g++-7        CMakeFiles/cmTryCompileExec147437946.dir/testCXXCompiler.cxx.o  -o cmTryCompileExec147437946 -rdynamic 
make[1]: Leaving directory '/group/ag_abi/SeqAn/knime_packaging/CMakeFiles/CMakeTmp'


Detecting CXX compiler ABI info compiled with the following output:
Change Dir: /group/ag_abi/SeqAn/knime_packaging/CMakeFiles/CMakeTmp

Run Build Command:"/usr/bin/make" "cmTryCompileExec1551298999/fast"
/usr/bin/make -f CMakeFiles/cmTryCompileExec1551298999.dir/build.make CMakeFiles/cmTryCompileExec1551298999.dir/build
make[1]: Entering directory '/group/ag_abi/SeqAn/knime_packaging/CMakeFiles/CMakeTmp'
/usr/bin/cmake -E cmake_progress_report /group/ag_abi/SeqAn/knime_packaging/CMakeFiles/CMakeTmp/CMakeFiles 1
Building CXX object CMakeFiles/cmTryCompileExec1551298999.dir/CMakeCXXCompilerABI.cpp.o
/group/ag_abi/software/bin/g++-7     -o CMakeFiles/cmTryCompileExec1551298999.dir/CMakeCXXCompilerABI.cpp.o -c /usr/share/cmake-3.0/Modules/CMakeCXXCompilerABI.cpp
Linking CXX executable cmTryCompileExec1551298999
/usr/bin/cmake -E cmake_link_script CMakeFiles/cmTryCompileExec1551298999.dir/link.txt --verbose=1
/group/ag_abi/software/bin/g++-7      -v CMakeFiles/cmTryCompileExec1551298999.dir/CMakeCXXCompilerABI.cpp.o  -o cmTryCompileExec1551298999 -rdynamic  
Using built-in specs.
COLLECT_GCC=/import/GCC//7.1.0/bin/g++
COLLECT_LTO_WRAPPER=/import/GCC/7.1.0/libexec/gcc/x86_64-pc-linux-gnu/7.1.0/lto-wrapper
Target: x86_64-pc-linux-gnu
Configured with: ./configure --prefix=/import/GCC/7.1.0/
Thread model: posix
gcc version 7.1.0 (GCC) 
COMPILER_PATH=/import/GCC/7.1.0/libexec/gcc/x86_64-pc-linux-gnu/7.1.0/:/import/GCC/7.1.0/libexec/gcc/x86_64-pc-linux-gnu/7.1.0/:/import/GCC/7.1.0/libexec/gcc/x86_64-pc-linux-gnu/:/import/GCC/7.1.0/lib/gcc/x86_64-pc-linux-gnu/7.1.0/:/import/GCC/7.1.0/lib/gcc/x86_64-pc-linux-gnu/
LIBRARY_PATH=/import/GCC/7.1.0/lib/gcc/x86_64-pc-linux-gnu/7.1.0/:/import/GCC/7.1.0/lib/gcc/x86_64-pc-linux-gnu/7.1.0/../../../../lib64/:/lib/x86_64-linux-gnu/:/lib/../lib64/:/usr/lib/x86_64-linux-gnu/:/import/GCC/7.1.0/lib/gcc/x86_64-pc-linux-gnu/7.1.0/../../../:/lib/:/usr/lib/
COLLECT_GCC_OPTIONS='-v' '-o' 'cmTryCompileExec1551298999' '-rdynamic' '-shared-libgcc' '-mtune=generic' '-march=x86-64'
 /import/GCC/7.1.0/libexec/gcc/x86_64-pc-linux-gnu/7.1.0/collect2 -plugin /import/GCC/7.1.0/libexec/gcc/x86_64-pc-linux-gnu/7.1.0/liblto_plugin.so -plugin-opt=/import/GCC/7.1.0/libexec/gcc/x86_64-pc-linux-gnu/7.1.0/lto-wrapper -plugin-opt=-fresolution=/srv/public/dadi/ccCaBjut.res -plugin-opt=-pass-through=-lgcc_s -plugin-opt=-pass-through=-lgcc -plugin-opt=-pass-through=-lc -plugin-opt=-pass-through=-lgcc_s -plugin-opt=-pass-through=-lgcc --eh-frame-hdr -m elf_x86_64 -export-dynamic -dynamic-linker /lib64/ld-linux-x86-64.so.2 -o cmTryCompileExec1551298999 /usr/lib/x86_64-linux-gnu/crt1.o /usr/lib/x86_64-linux-gnu/crti.o /import/GCC/7.1.0/lib/gcc/x86_64-pc-linux-gnu/7.1.0/crtbegin.o -L/import/GCC/7.1.0/lib/gcc/x86_64-pc-linux-gnu/7.1.0 -L/import/GCC/7.1.0/lib/gcc/x86_64-pc-linux-gnu/7.1.0/../../../../lib64 -L/lib/x86_64-linux-gnu -L/lib/../lib64 -L/usr/lib/x86_64-linux-gnu -L/import/GCC/7.1.0/lib/gcc/x86_64-pc-linux-gnu/7.1.0/../../.. -rpath /import/GCC//7.1.0/lib64 CMakeFiles/cmTryCompileExec1551298999.dir/CMakeCXXCompilerABI.cpp.o -lstdc++ -lm -lgcc_s -lgcc -lc -lgcc_s -lgcc /import/GCC/7.1.0/lib/gcc/x86_64-pc-linux-gnu/7.1.0/crtend.o /usr/lib/x86_64-linux-gnu/crtn.o
COLLECT_GCC_OPTIONS='-v' '-o' 'cmTryCompileExec1551298999' '-rdynamic' '-shared-libgcc' '-mtune=generic' '-march=x86-64'
make[1]: Leaving directory '/group/ag_abi/SeqAn/knime_packaging/CMakeFiles/CMakeTmp'


Parsed CXX implicit link information from above output:
  link line regex: [^( *|.*[/\])(ld|([^/\]+-)?ld|collect2)[^/\]*( |$)]
  ignore line: [Change Dir: /group/ag_abi/SeqAn/knime_packaging/CMakeFiles/CMakeTmp]
  ignore line: []
  ignore line: [Run Build Command:"/usr/bin/make" "cmTryCompileExec1551298999/fast"]
  ignore line: [/usr/bin/make -f CMakeFiles/cmTryCompileExec1551298999.dir/build.make CMakeFiles/cmTryCompileExec1551298999.dir/build]
  ignore line: [make[1]: Entering directory '/group/ag_abi/SeqAn/knime_packaging/CMakeFiles/CMakeTmp']
  ignore line: [/usr/bin/cmake -E cmake_progress_report /group/ag_abi/SeqAn/knime_packaging/CMakeFiles/CMakeTmp/CMakeFiles 1]
  ignore line: [Building CXX object CMakeFiles/cmTryCompileExec1551298999.dir/CMakeCXXCompilerABI.cpp.o]
  ignore line: [/group/ag_abi/software/bin/g++-7     -o CMakeFiles/cmTryCompileExec1551298999.dir/CMakeCXXCompilerABI.cpp.o -c /usr/share/cmake-3.0/Modules/CMakeCXXCompilerABI.cpp]
  ignore line: [Linking CXX executable cmTryCompileExec1551298999]
  ignore line: [/usr/bin/cmake -E cmake_link_script CMakeFiles/cmTryCompileExec1551298999.dir/link.txt --verbose=1]
  ignore line: [/group/ag_abi/software/bin/g++-7      -v CMakeFiles/cmTryCompileExec1551298999.dir/CMakeCXXCompilerABI.cpp.o  -o cmTryCompileExec1551298999 -rdynamic  ]
  ignore line: [Using built-in specs.]
  ignore line: [COLLECT_GCC=/import/GCC//7.1.0/bin/g++]
  ignore line: [COLLECT_LTO_WRAPPER=/import/GCC/7.1.0/libexec/gcc/x86_64-pc-linux-gnu/7.1.0/lto-wrapper]
  ignore line: [Target: x86_64-pc-linux-gnu]
  ignore line: [Configured with: ./configure --prefix=/import/GCC/7.1.0/]
  ignore line: [Thread model: posix]
  ignore line: [gcc version 7.1.0 (GCC) ]
  ignore line: [COMPILER_PATH=/import/GCC/7.1.0/libexec/gcc/x86_64-pc-linux-gnu/7.1.0/:/import/GCC/7.1.0/libexec/gcc/x86_64-pc-linux-gnu/7.1.0/:/import/GCC/7.1.0/libexec/gcc/x86_64-pc-linux-gnu/:/import/GCC/7.1.0/lib/gcc/x86_64-pc-linux-gnu/7.1.0/:/import/GCC/7.1.0/lib/gcc/x86_64-pc-linux-gnu/]
  ignore line: [LIBRARY_PATH=/import/GCC/7.1.0/lib/gcc/x86_64-pc-linux-gnu/7.1.0/:/import/GCC/7.1.0/lib/gcc/x86_64-pc-linux-gnu/7.1.0/../../../../lib64/:/lib/x86_64-linux-gnu/:/lib/../lib64/:/usr/lib/x86_64-linux-gnu/:/import/GCC/7.1.0/lib/gcc/x86_64-pc-linux-gnu/7.1.0/../../../:/lib/:/usr/lib/]
  ignore line: [COLLECT_GCC_OPTIONS='-v' '-o' 'cmTryCompileExec1551298999' '-rdynamic' '-shared-libgcc' '-mtune=generic' '-march=x86-64']
  link line: [ /import/GCC/7.1.0/libexec/gcc/x86_64-pc-linux-gnu/7.1.0/collect2 -plugin /import/GCC/7.1.0/libexec/gcc/x86_64-pc-linux-gnu/7.1.0/liblto_plugin.so -plugin-opt=/import/GCC/7.1.0/libexec/gcc/x86_64-pc-linux-gnu/7.1.0/lto-wrapper -plugin-opt=-fresolution=/srv/public/dadi/ccCaBjut.res -plugin-opt=-pass-through=-lgcc_s -plugin-opt=-pass-through=-lgcc -plugin-opt=-pass-through=-lc -plugin-opt=-pass-through=-lgcc_s -plugin-opt=-pass-through=-lgcc --eh-frame-hdr -m elf_x86_64 -export-dynamic -dynamic-linker /lib64/ld-linux-x86-64.so.2 -o cmTryCompileExec1551298999 /usr/lib/x86_64-linux-gnu/crt1.o /usr/lib/x86_64-linux-gnu/crti.o /import/GCC/7.1.0/lib/gcc/x86_64-pc-linux-gnu/7.1.0/crtbegin.o -L/import/GCC/7.1.0/lib/gcc/x86_64-pc-linux-gnu/7.1.0 -L/import/GCC/7.1.0/lib/gcc/x86_64-pc-linux-gnu/7.1.0/../../../../lib64 -L/lib/x86_64-linux-gnu -L/lib/../lib64 -L/usr/lib/x86_64-linux-gnu -L/import/GCC/7.1.0/lib/gcc/x86_64-pc-linux-gnu/7.1.0/../../.. -rpath /import/GCC//7.1.0/lib64 CMakeFiles/cmTryCompileExec1551298999.dir/CMakeCXXCompilerABI.cpp.o -lstdc++ -lm -lgcc_s -lgcc -lc -lgcc_s -lgcc /import/GCC/7.1.0/lib/gcc/x86_64-pc-linux-gnu/7.1.0/crtend.o /usr/lib/x86_64-linux-gnu/crtn.o]
    arg [/import/GCC/7.1.0/libexec/gcc/x86_64-pc-linux-gnu/7.1.0/collect2] ==> ignore
    arg [-plugin] ==> ignore
    arg [/import/GCC/7.1.0/libexec/gcc/x86_64-pc-linux-gnu/7.1.0/liblto_plugin.so] ==> ignore
    arg [-plugin-opt=/import/GCC/7.1.0/libexec/gcc/x86_64-pc-linux-gnu/7.1.0/lto-wrapper] ==> ignore
    arg [-plugin-opt=-fresolution=/srv/public/dadi/ccCaBjut.res] ==> ignore
    arg [-plugin-opt=-pass-through=-lgcc_s] ==> ignore
    arg [-plugin-opt=-pass-through=-lgcc] ==> ignore
    arg [-plugin-opt=-pass-through=-lc] ==> ignore
    arg [-plugin-opt=-pass-through=-lgcc_s] ==> ignore
    arg [-plugin-opt=-pass-through=-lgcc] ==> ignore
    arg [--eh-frame-hdr] ==> ignore
    arg [-m] ==> ignore
    arg [elf_x86_64] ==> ignore
    arg [-export-dynamic] ==> ignore
    arg [-dynamic-linker] ==> ignore
    arg [/lib64/ld-linux-x86-64.so.2] ==> ignore
    arg [-o] ==> ignore
    arg [cmTryCompileExec1551298999] ==> ignore
    arg [/usr/lib/x86_64-linux-gnu/crt1.o] ==> ignore
    arg [/usr/lib/x86_64-linux-gnu/crti.o] ==> ignore
    arg [/import/GCC/7.1.0/lib/gcc/x86_64-pc-linux-gnu/7.1.0/crtbegin.o] ==> ignore
    arg [-L/import/GCC/7.1.0/lib/gcc/x86_64-pc-linux-gnu/7.1.0] ==> dir [/import/GCC/7.1.0/lib/gcc/x86_64-pc-linux-gnu/7.1.0]
    arg [-L/import/GCC/7.1.0/lib/gcc/x86_64-pc-linux-gnu/7.1.0/../../../../lib64] ==> dir [/import/GCC/7.1.0/lib/gcc/x86_64-pc-linux-gnu/7.1.0/../../../../lib64]
    arg [-L/lib/x86_64-linux-gnu] ==> dir [/lib/x86_64-linux-gnu]
    arg [-L/lib/../lib64] ==> dir [/lib/../lib64]
    arg [-L/usr/lib/x86_64-linux-gnu] ==> dir [/usr/lib/x86_64-linux-gnu]
    arg [-L/import/GCC/7.1.0/lib/gcc/x86_64-pc-linux-gnu/7.1.0/../../..] ==> dir [/import/GCC/7.1.0/lib/gcc/x86_64-pc-linux-gnu/7.1.0/../../..]
    arg [-rpath] ==> ignore
    arg [/import/GCC//7.1.0/lib64] ==> ignore
    arg [CMakeFiles/cmTryCompileExec1551298999.dir/CMakeCXXCompilerABI.cpp.o] ==> ignore
    arg [-lstdc++] ==> lib [stdc++]
    arg [-lm] ==> lib [m]
    arg [-lgcc_s] ==> lib [gcc_s]
    arg [-lgcc] ==> lib [gcc]
    arg [-lc] ==> lib [c]
    arg [-lgcc_s] ==> lib [gcc_s]
    arg [-lgcc] ==> lib [gcc]
    arg [/import/GCC/7.1.0/lib/gcc/x86_64-pc-linux-gnu/7.1.0/crtend.o] ==> ignore
    arg [/usr/lib/x86_64-linux-gnu/crtn.o] ==> ignore
  remove lib [gcc_s]
  remove lib [gcc]
  remove lib [gcc_s]
  remove lib [gcc]
  collapse library dir [/import/GCC/7.1.0/lib/gcc/x86_64-pc-linux-gnu/7.1.0] ==> [/import/GCC/7.1.0/lib/gcc/x86_64-pc-linux-gnu/7.1.0]
  collapse library dir [/import/GCC/7.1.0/lib/gcc/x86_64-pc-linux-gnu/7.1.0/../../../../lib64] ==> [/import/GCC/7.1.0/lib64]
  collapse library dir [/lib/x86_64-linux-gnu] ==> [/lib/x86_64-linux-gnu]
  collapse library dir [/lib/../lib64] ==> [/lib64]
  collapse library dir [/usr/lib/x86_64-linux-gnu] ==> [/usr/lib/x86_64-linux-gnu]
  collapse library dir [/import/GCC/7.1.0/lib/gcc/x86_64-pc-linux-gnu/7.1.0/../../..] ==> [/import/GCC/7.1.0/lib]
  implicit libs: [stdc++;m;c]
  implicit dirs: [/import/GCC/7.1.0/lib/gcc/x86_64-pc-linux-gnu/7.1.0;/import/GCC/7.1.0/lib64;/lib/x86_64-linux-gnu;/lib64;/usr/lib/x86_64-linux-gnu;/import/GCC/7.1.0/lib]
  implicit fwks: []


